<?xml version="1.0" encoding="UTF-8" ?>
<testsuite tests="1" failures="0" name="com.vdranik.dynamodb.TestItemDao" time="0.768" errors="1" skipped="0">
  <properties>
    <property name="idea.version" value="2018.1"/>
    <property name="java.runtime.name" value="Java(TM) SE Runtime Environment"/>
    <property name="sun.boot.library.path" value="C:\Program Files\Java\jdk1.8.0_144\jre\bin"/>
    <property name="java.vm.version" value="25.144-b01"/>
    <property name="java.vm.vendor" value="Oracle Corporation"/>
    <property name="maven.multiModuleProjectDirectory" value="C:\Users\User\Desktop\dynamodb"/>
    <property name="java.vendor.url" value="http://java.oracle.com/"/>
    <property name="path.separator" value=";"/>
    <property name="guice.disable.misplaced.annotation.check" value="true"/>
    <property name="java.vm.name" value="Java HotSpot(TM) 64-Bit Server VM"/>
    <property name="file.encoding.pkg" value="sun.io"/>
    <property name="user.script" value=""/>
    <property name="user.country" value="US"/>
    <property name="sun.java.launcher" value="SUN_STANDARD"/>
    <property name="sun.os.patch.level" value=""/>
    <property name="java.vm.specification.name" value="Java Virtual Machine Specification"/>
    <property name="user.dir" value="C:\Users\User\Desktop\dynamodb"/>
    <property name="java.runtime.version" value="1.8.0_144-b01"/>
    <property name="java.awt.graphicsenv" value="sun.awt.Win32GraphicsEnvironment"/>
    <property name="java.endorsed.dirs" value="C:\Program Files\Java\jdk1.8.0_144\jre\lib\endorsed"/>
    <property name="os.arch" value="amd64"/>
    <property name="java.io.tmpdir" value="C:\Users\User\AppData\Local\Temp\"/>
    <property name="line.separator" value="
"/>
    <property name="java.vm.specification.vendor" value="Oracle Corporation"/>
    <property name="user.variant" value=""/>
    <property name="os.name" value="Windows 10"/>
    <property name="classworlds.conf" value="C:\Program Files\JetBrains\IntelliJ IDEA 2018.1\plugins\maven\lib\maven3\bin\m2.conf"/>
    <property name="sun.jnu.encoding" value="Cp1252"/>
    <property name="java.library.path" value="C:\Program Files\Java\jdk1.8.0_144\bin;C:\WINDOWS\Sun\Java\bin;C:\WINDOWS\system32;C:\WINDOWS;C:\Program Files (x86)\Intel\iCLS Client\;C:\Program Files\Intel\iCLS Client\;C:\Windows\system32;C:\Windows;C:\Windows\System32\Wbem;C:\Windows\System32\WindowsPowerShell\v1.0\;C:\Program Files (x86)\Intel\Intel(R) Management Engine Components\DAL;C:\Program Files\Intel\Intel(R) Management Engine Components\DAL;C:\Program Files (x86)\Intel\Intel(R) Management Engine Components\IPT;C:\Program Files\Intel\Intel(R) Management Engine Components\IPT;C:\Program Files\Intel\WiFi\bin\;C:\Program Files\Common Files\Intel\WirelessCommon\;C:\Program Files (x86)\NVIDIA Corporation\PhysX\Common;C:\Program Files\MongoDB\Server\3.2\bin;C:\Program Files\Java\jdk1.8.0_144\bin;D:\Program Files\apache-maven-3.5.4\bin;C:\Program Files\Git\cmd;D:\Program Files\apache-tomcat-7.0.69\bin;D:\Android_SDK\tools;D:\Android_SDK\platform-tools;C:\WINDOWS\system32;C:\WINDOWS;C:\WINDOWS\System32\Wbem;C:\WINDOWS\System32\WindowsPowerShell\v1.0\;C:\Program Files\PostgreSQL\pg96\bin;D:\Program Files\AEM\crx-quickstart\opt\filevault\filevault\vault-cli-3.1.16\bin;C:\ProgramData\Oracle\Java\javapath;C:\Program Files\Microsoft SQL Server\Client SDK\ODBC\130\Tools\Binn\;C:\Program Files (x86)\Microsoft SQL Server\140\Tools\Binn\;C:\Program Files\Microsoft SQL Server\140\Tools\Binn\;C:\Program Files\Microsoft SQL Server\140\DTS\Binn\;C:\Program Files (x86)\Microsoft SQL Server\110\Tools\Binn\;C:\Program Files\Microsoft SQL Server\110\Tools\Binn\;C:\Program Files\Microsoft SQL Server\110\DTS\Binn\;C:\Program Files (x86)\Microsoft SQL Server\110\Tools\Binn\ManagementStudio\;C:\Program Files (x86)\Microsoft SQL Server\110\DTS\Binn\;C:\Program Files\MySQL\MySQL Utilities 1.6\;D:\Program Files\Gradle\gradle-4.6\bin;C:\WINDOWS\System32\OpenSSH\;D:\Program Files\payara5\bin;D:\Program Files\protoc-3.6.0-win32\bin;;C:\Program Files\NVIDIA Corporation\NVIDIA NvDLISR;C:\Program Files (x86)\Common Files\Acronis\VirtualFile\;C:\Program Files (x86)\Common Files\Acronis\VirtualFile64\;C:\Program Files (x86)\Common Files\Acronis\FileProtector\;C:\Program Files (x86)\Common Files\Acronis\FileProtector64\;C:\Program Files (x86)\Common Files\Acronis\SnapAPI\;C:\Users\User\AppData\Local\Programs\Python\Python37-32\Scripts\;C:\Users\User\AppData\Local\Programs\Python\Python37-32\;C:\Program Files\Intel\WiFi\bin\;C:\Program Files\Common Files\Intel\WirelessCommon\;C:\Users\User\AppData\Local\Microsoft\WindowsApps;C:\Users\User\AppData\Local\Microsoft\WindowsApps;;."/>
    <property name="java.specification.name" value="Java Platform API Specification"/>
    <property name="java.class.version" value="52.0"/>
    <property name="sun.management.compiler" value="HotSpot 64-Bit Tiered Compilers"/>
    <property name="os.version" value="10.0"/>
    <property name="user.home" value="C:\Users\User"/>
    <property name="user.timezone" value="Europe/Helsinki"/>
    <property name="java.awt.printerjob" value="sun.awt.windows.WPrinterJob"/>
    <property name="java.specification.version" value="1.8"/>
    <property name="file.encoding" value="UTF-8"/>
    <property name="user.name" value="User"/>
    <property name="java.class.path" value="C:\Program Files\JetBrains\IntelliJ IDEA 2018.1\plugins\maven\lib\maven3\boot\plexus-classworlds-2.5.2.jar;C:\Program Files\JetBrains\IntelliJ IDEA 2018.1\lib\idea_rt.jar"/>
    <property name="java.vm.specification.version" value="1.8"/>
    <property name="sun.arch.data.model" value="64"/>
    <property name="java.home" value="C:\Program Files\Java\jdk1.8.0_144\jre"/>
    <property name="sun.java.command" value="org.codehaus.classworlds.Launcher -Didea.version=2018.1 package -f pom.xml"/>
    <property name="java.specification.vendor" value="Oracle Corporation"/>
    <property name="user.language" value="en"/>
    <property name="awt.toolkit" value="sun.awt.windows.WToolkit"/>
    <property name="java.vm.info" value="mixed mode"/>
    <property name="java.version" value="1.8.0_144"/>
    <property name="java.ext.dirs" value="C:\Program Files\Java\jdk1.8.0_144\jre\lib\ext;C:\WINDOWS\Sun\Java\lib\ext"/>
    <property name="sun.boot.class.path" value="C:\Program Files\Java\jdk1.8.0_144\jre\lib\resources.jar;C:\Program Files\Java\jdk1.8.0_144\jre\lib\rt.jar;C:\Program Files\Java\jdk1.8.0_144\jre\lib\sunrsasign.jar;C:\Program Files\Java\jdk1.8.0_144\jre\lib\jsse.jar;C:\Program Files\Java\jdk1.8.0_144\jre\lib\jce.jar;C:\Program Files\Java\jdk1.8.0_144\jre\lib\charsets.jar;C:\Program Files\Java\jdk1.8.0_144\jre\lib\jfr.jar;C:\Program Files\Java\jdk1.8.0_144\jre\classes"/>
    <property name="java.vendor" value="Oracle Corporation"/>
    <property name="maven.home" value="C:\Program Files\JetBrains\IntelliJ IDEA 2018.1\plugins\maven\lib\maven3"/>
    <property name="file.separator" value="\"/>
    <property name="java.vendor.url.bug" value="http://bugreport.sun.com/bugreport/"/>
    <property name="sun.cpu.endian" value="little"/>
    <property name="sun.io.unicode.encoding" value="UnicodeLittle"/>
    <property name="sun.desktop" value="windows"/>
    <property name="sun.cpu.isalist" value="amd64"/>
  </properties>
  <testcase classname="com.vdranik.dynamodb.TestItemDao" name="testDynamoDB" time="0.768">
    <error type="java.lang.NullPointerException">java.lang.NullPointerException
	at com.amazonaws.services.dynamodbv2.local.shared.access.sqlite.SQLiteDBAccess.initializeMetadataTables(SQLiteDBAccess.java:391)
	at com.amazonaws.services.dynamodbv2.local.shared.access.sqlite.SQLiteDBAccess.&lt;init&gt;(SQLiteDBAccess.java:227)
	at com.amazonaws.services.dynamodbv2.local.shared.access.sqlite.SQLiteDBAccess.&lt;init&gt;(SQLiteDBAccess.java:196)
	at com.amazonaws.services.dynamodbv2.local.embedded.DynamoDBEmbedded.create(DynamoDBEmbedded.java:45)
	at com.amazonaws.services.dynamodbv2.local.embedded.DynamoDBEmbedded.create(DynamoDBEmbedded.java:35)
	at com.vdranik.dynamodb.TestItemDao.before(TestItemDao.java:18)
	at sun.reflect.NativeMethodAccessorImpl.invoke0(Native Method)
	at sun.reflect.NativeMethodAccessorImpl.invoke(NativeMethodAccessorImpl.java:62)
	at sun.reflect.DelegatingMethodAccessorImpl.invoke(DelegatingMethodAccessorImpl.java:43)
	at java.lang.reflect.Method.invoke(Method.java:498)
	at org.junit.runners.model.FrameworkMethod$1.runReflectiveCall(FrameworkMethod.java:50)
	at org.junit.internal.runners.model.ReflectiveCallable.run(ReflectiveCallable.java:12)
	at org.junit.runners.model.FrameworkMethod.invokeExplosively(FrameworkMethod.java:47)
	at org.junit.internal.runners.statements.RunBefores.evaluate(RunBefores.java:24)
	at org.junit.runners.ParentRunner.runLeaf(ParentRunner.java:325)
	at org.junit.runners.BlockJUnit4ClassRunner.runChild(BlockJUnit4ClassRunner.java:78)
	at org.junit.runners.BlockJUnit4ClassRunner.runChild(BlockJUnit4ClassRunner.java:57)
	at org.junit.runners.ParentRunner$3.run(ParentRunner.java:290)
	at org.junit.runners.ParentRunner$1.schedule(ParentRunner.java:71)
	at org.junit.runners.ParentRunner.runChildren(ParentRunner.java:288)
	at org.junit.runners.ParentRunner.access$000(ParentRunner.java:58)
	at org.junit.runners.ParentRunner$2.evaluate(ParentRunner.java:268)
	at org.junit.runners.ParentRunner.run(ParentRunner.java:363)
	at org.apache.maven.surefire.junit4.JUnit4Provider.execute(JUnit4Provider.java:252)
	at org.apache.maven.surefire.junit4.JUnit4Provider.executeTestSet(JUnit4Provider.java:141)
	at org.apache.maven.surefire.junit4.JUnit4Provider.invoke(JUnit4Provider.java:112)
	at sun.reflect.NativeMethodAccessorImpl.invoke0(Native Method)
	at sun.reflect.NativeMethodAccessorImpl.invoke(NativeMethodAccessorImpl.java:62)
	at sun.reflect.DelegatingMethodAccessorImpl.invoke(DelegatingMethodAccessorImpl.java:43)
	at java.lang.reflect.Method.invoke(Method.java:498)
	at org.apache.maven.surefire.util.ReflectionUtils.invokeMethodWithArray(ReflectionUtils.java:189)
	at org.apache.maven.surefire.booter.ProviderFactory$ProviderProxy.invoke(ProviderFactory.java:165)
	at org.apache.maven.surefire.booter.ProviderFactory.invokeProvider(ProviderFactory.java:85)
	at org.apache.maven.surefire.booter.ForkedBooter.runSuitesInProcess(ForkedBooter.java:115)
	at org.apache.maven.surefire.booter.ForkedBooter.main(ForkedBooter.java:75)
</error>
    <system-err>ERROR StatusLogger Log4j2 could not find a logging implementation. Please add log4j-core to the classpath. Using SimpleLogger to log to the console...
Dec 22, 2018 3:10:43 PM com.almworks.sqlite4java.Internal log
WARNING: [sqlite] cannot open DB[1]: com.almworks.sqlite4java.SQLiteException: [-91] cannot load library: com.almworks.sqlite4java.SQLiteException: [-91] sqlite4java cannot find native library
Dec 22, 2018 3:10:43 PM com.almworks.sqlite4java.Internal log
SEVERE: [sqlite] SQLiteQueue[]: error running job queue
com.almworks.sqlite4java.SQLiteException: [-91] cannot load library: com.almworks.sqlite4java.SQLiteException: [-91] sqlite4java cannot find native library
	at com.almworks.sqlite4java.SQLite.loadLibrary(SQLite.java:97)
	at com.almworks.sqlite4java.SQLiteConnection.open0(SQLiteConnection.java:1441)
	at com.almworks.sqlite4java.SQLiteConnection.open(SQLiteConnection.java:282)
	at com.almworks.sqlite4java.SQLiteConnection.open(SQLiteConnection.java:293)
	at com.almworks.sqlite4java.SQLiteQueue.openConnection(SQLiteQueue.java:464)
	at com.almworks.sqlite4java.SQLiteQueue.queueFunction(SQLiteQueue.java:641)
	at com.almworks.sqlite4java.SQLiteQueue.runQueue(SQLiteQueue.java:623)
	at com.almworks.sqlite4java.SQLiteQueue.access$000(SQLiteQueue.java:77)
	at com.almworks.sqlite4java.SQLiteQueue$1.run(SQLiteQueue.java:205)
	at java.lang.Thread.run(Thread.java:748)
Caused by: com.almworks.sqlite4java.SQLiteException: [-91] sqlite4java cannot find native library
	at com.almworks.sqlite4java.Internal.loadLibraryX(Internal.java:136)
	at com.almworks.sqlite4java.SQLite.loadLibrary(SQLite.java:95)
	... 9 more

Dec 22, 2018 3:10:43 PM com.almworks.sqlite4java.Internal log
SEVERE: [sqlite] SQLiteQueue[]: stopped abnormally, reincarnation is not possible for in-memory database
</system-err>
  </testcase>
</testsuite>